<?xml version="1.0" encoding="UTF-8"?>
<testsuite name="com.painelure.app.data.PendingWriteQueueTest" tests="3" skipped="0" failures="0" errors="0" timestamp="2026-08-26T08:14:16.288Z" hostname="JEFFERSON" time="0.231">
  <properties/>
  <testcase name="successfulWritesAreRemovedAndFailuresRemain" classname="com.painelure.app.data.PendingWriteQueueTest" time="0.135"/>
  <testcase name="staleStateIsNotQueued" classname="com.painelure.app.data.PendingWriteQueueTest" time="0.093"/>
  <testcase name="appendPreservesOrderAndMethod" classname="com.painelure.app.data.PendingWriteQueueTest" time="0.001"/>
  <system-out><![CDATA[]]></system-out>
  <system-err><![CDATA[]]></system-err>
</testsuite>
