<?xml version="1.0" encoding="UTF-8"?>
<testsuite name="com.painelure.app.data.PermissionPolicyTest" tests="3" skipped="0" failures="0" errors="0" timestamp="2026-08-27T14:23:56.998Z" hostname="JEFFERSON" time="0.069">
  <properties/>
  <testcase name="accentsAndUnknownRolesAreHandledSafely" classname="com.painelure.app.data.PermissionPolicyTest" time="0.066"/>
  <testcase name="administratorSeesAdministrativeModules" classname="com.painelure.app.data.PermissionPolicyTest" time="0.001"/>
  <testcase name="consultaCannotSeeRestrictedModules" classname="com.painelure.app.data.PermissionPolicyTest" time="0.002"/>
  <system-out><![CDATA[]]></system-out>
  <system-err><![CDATA[]]></system-err>
</testsuite>
