<?xml version="1.0" encoding="UTF-8"?>
<testsuite name="com.painelure.app.data.PendingWriteQueueTest" tests="3" skipped="0" failures="0" errors="0" timestamp="2026-08-27T11:42:58.659Z" hostname="JEFFERSON" time="0.255">
  <properties/>
  <testcase name="successfulWritesAreRemovedAndFailuresRemain" classname="com.painelure.app.data.PendingWriteQueueTest" time="0.228"/>
  <testcase name="staleStateIsNotQueued" classname="com.painelure.app.data.PendingWriteQueueTest" time="0.027"/>
  <testcase name="appendPreservesOrderAndMethod" classname="com.painelure.app.data.PendingWriteQueueTest" time="0.0"/>
  <system-out><![CDATA[]]></system-out>
  <system-err><![CDATA[]]></system-err>
</testsuite>
